#
# There is insufficient memory for the Java Runtime Environment to continue.
# Native memory allocation (mmap) failed to map 100663296 bytes for G1 virtual space
# Possible reasons:
#   The system is out of physical RAM or swap space
#   The process is running with CompressedOops enabled, and the Java Heap may be blocking the growth of the native heap
# Possible solutions:
#   Reduce memory load on the system
#   Increase physical memory or swap space
#   Check if swap backing store is full
#   Decrease Java heap size (-Xmx/-Xms)
#   Decrease number of Java threads
#   Decrease Java thread stack sizes (-Xss)
#   Set larger code cache with -XX:ReservedCodeCacheSize=
#   JVM is running with Unscaled Compressed Oops mode in which the Java heap is
#     placed in the first 4GB address space. The Java Heap base address is the
#     maximum limit for the native heap growth. Please use -XX:HeapBaseMinAddress
#     to set the Java Heap base and to place the Java Heap above 4GB virtual address.
# This output file may be truncated or incomplete.
#
#  Out of Memory Error (os_windows.cpp:3536), pid=36712, tid=47168
#
# JRE version:  (19.0.2+7) (build )
# Java VM: OpenJDK 64-Bit Server VM (19.0.2+7, mixed mode, sharing, tiered, compressed oops, compressed class ptrs, g1 gc, windows-amd64)
# No core dump will be written. Minidumps are not enabled by default on client versions of Windows
#

---------------  S U M M A R Y ------------

Command Line: -Dfile.encoding=UTF-8 -XX:+ShowCodeDetailsInExceptionMessages Conversor

Host: AMD Athlon Silver 3050U with Radeon Graphics   , 2 cores, 5G,  Windows 11 , 64 bit Build 22621 (10.0.22621.1485)
Time: Mon Apr 17 23:02:30 2023 Hora estándar central (México) elapsed time: 0.124400 seconds (0d 0h 0m 0s)

---------------  T H R E A D  ---------------

Current thread (0x000002107e7941d0):  JavaThread "Unknown thread" [_thread_in_vm, id=47168, stack(0x00000015a6d00000,0x00000015a6e00000)]

Stack: [0x00000015a6d00000,0x00000015a6e00000]
Native frames: (J=compiled Java code, j=interpreted, Vv=VM code, C=native code)
V  [jvm.dll+0x6e9e1a]
V  [jvm.dll+0x8a36c0]
V  [jvm.dll+0x8a50ae]
V  [jvm.dll+0x8a5763]
V  [jvm.dll+0x27bcdf]
V  [jvm.dll+0x6e6b39]
V  [jvm.dll+0x6db58a]
V  [jvm.dll+0x35267b]
V  [jvm.dll+0x35a106]
V  [jvm.dll+0x3b070e]
V  [jvm.dll+0x3b093f]
V  [jvm.dll+0x327c4a]
V  [jvm.dll+0x328aee]
V  [jvm.dll+0x86e230]
V  [jvm.dll+0x3bdb31]
V  [jvm.dll+0x84eb31]
V  [jvm.dll+0x44583f]
V  [jvm.dll+0x447321]
C  [jli.dll+0x5267]
C  [ucrtbase.dll+0x29363]
C  [KERNEL32.DLL+0x1269d]
C  [ntdll.dll+0x5a9f8]


---------------  P R O C E S S  ---------------

Threads class SMR info:
_java_thread_list=0x00007ffcfdab05a8, length=0, elements={
}

Java Threads: ( => current thread )

Other Threads:
  0x000002107e7e81b0 WorkerThread "GC Thread#0" [stack: 0x00000015a6e00000,0x00000015a6f00000] [id=32148]
  0x000002107e7f4c60 ConcurrentGCThread "G1 Main Marker" [stack: 0x00000015a6f00000,0x00000015a7000000] [id=36584]
  0x000002107e7f6040 WorkerThread "G1 Conc#0" [stack: 0x00000015a7000000,0x00000015a7100000] [id=67592]

[error occurred during error reporting (printing all threads), id 0xc0000005, EXCEPTION_ACCESS_VIOLATION (0xc0000005) at pc=0x00007ffcfd238687]

VM state: not at safepoint (not fully initialized)

VM Mutex/Monitor currently owned by a thread:  ([mutex/lock_event])
[0x000002107ba1cc60] Heap_lock - owner thread: 0x000002107e7941d0

Heap address: 0x00000000a1e00000, size: 1506 MB, Compressed Oops mode: 32-bit

CDS archive(s) mapped at: [0x0000000000000000-0x0000000000000000-0x0000000000000000), size 0, SharedBaseAddress: 0x0000000800000000, ArchiveRelocationMode: 0.
Narrow klass base: 0x0000000000000000, Narrow klass shift: 0, Narrow klass range: 0x0

GC Precious Log:
 CardTable entry size: 512
 Card Set container configuration: InlinePtr #cards 5 size 8 Array Of Cards #cards 12 size 40 Howl #buckets 4 coarsen threshold 1843 Howl Bitmap #cards 512 size 80 coarsen threshold 460 Card regions per heap region 1 cards per card region 2048

Heap:
 garbage-first heap   total 0K, used 0K [0x00000000a1e00000, 0x0000000100000000)
  region size 1024K, 0 young (0K), 0 survivors (0K)

[error occurred during error reporting (printing heap information), id 0xc0000005, EXCEPTION_ACCESS_VIOLATION (0xc0000005) at pc=0x00007ffcfd642899]

GC Heap History (0 events):
No events

Dll operation events (1 events):
Event: 0.047 Loaded shared library C:\Users\venor\.p2\pool\plugins\org.eclipse.justj.openjdk.hotspot.jre.full.win32.x86_64_19.0.2.v20230129-1123\jre\bin\java.dll

Deoptimization events (0 events):
No events

Classes loaded (0 events):
No events

Classes unloaded (0 events):
No events

Classes redefined (0 events):
No events

Internal exceptions (0 events):
No events

VM Operations (0 events):
No events

Events (0 events):
No events


Dynamic libraries:
0x00007ff716630000 - 0x00007ff71663e000 	C:\Users\venor\.p2\pool\plugins\org.eclipse.justj.openjdk.hotspot.jre.full.win32.x86_64_19.0.2.v20230129-1123\jre\bin\javaw.exe
0x00007ffd7d930000 - 0x00007ffd7db44000 	C:\WINDOWS\SYSTEM32\ntdll.dll
0x00007ffd7c790000 - 0x00007ffd7c852000 	C:\WINDOWS\System32\KERNEL32.DLL
0x00007ffd7afa0000 - 0x00007ffd7b33c000 	C:\WINDOWS\System32\KERNELBASE.dll
0x00007ffd19990000 - 0x00007ffd19a5f000 	C:\Program Files\Bitdefender\Bitdefender Security\bdhkm\dlls_266447479770971635\bdhkm64.dll
0x00007ffd18da0000 - 0x00007ffd18edc000 	C:\Program Files\Bitdefender\Bitdefender Security\atcuf\dlls_266427990706449602\atcuf64.dll
0x00007ffd7b340000 - 0x00007ffd7b451000 	C:\WINDOWS\System32\ucrtbase.dll
0x00007ffd65a00000 - 0x00007ffd65a17000 	C:\Users\venor\.p2\pool\plugins\org.eclipse.justj.openjdk.hotspot.jre.full.win32.x86_64_19.0.2.v20230129-1123\jre\bin\jli.dll
0x00007ffd7c210000 - 0x00007ffd7c3bb000 	C:\WINDOWS\System32\USER32.dll
0x00007ffd7b710000 - 0x00007ffd7b736000 	C:\WINDOWS\System32\win32u.dll
0x00007ffd7b940000 - 0x00007ffd7b969000 	C:\WINDOWS\System32\GDI32.dll
0x00007ffd7ade0000 - 0x00007ffd7aef3000 	C:\WINDOWS\System32\gdi32full.dll
0x00007ffd7af00000 - 0x00007ffd7af9a000 	C:\WINDOWS\System32\msvcp_win.dll
0x00007ffd65920000 - 0x00007ffd65939000 	C:\Users\venor\.p2\pool\plugins\org.eclipse.justj.openjdk.hotspot.jre.full.win32.x86_64_19.0.2.v20230129-1123\jre\bin\VCRUNTIME140.dll
0x00007ffd619e0000 - 0x00007ffd61c6e000 	C:\WINDOWS\WinSxS\amd64_microsoft.windows.common-controls_6595b64144ccf1df_6.0.22621.608_none_a9444ca7c10bb01d\COMCTL32.dll
0x00007ffd7d580000 - 0x00007ffd7d627000 	C:\WINDOWS\System32\msvcrt.dll
0x00007ffd7d630000 - 0x00007ffd7d661000 	C:\WINDOWS\System32\IMM32.DLL
0x00007ffd65910000 - 0x00007ffd6591c000 	C:\Users\venor\.p2\pool\plugins\org.eclipse.justj.openjdk.hotspot.jre.full.win32.x86_64_19.0.2.v20230129-1123\jre\bin\vcruntime140_1.dll
0x00007ffd5dc60000 - 0x00007ffd5dcf1000 	C:\Users\venor\.p2\pool\plugins\org.eclipse.justj.openjdk.hotspot.jre.full.win32.x86_64_19.0.2.v20230129-1123\jre\bin\msvcp140.dll
0x00007ffcfcf00000 - 0x00007ffcfdbf1000 	C:\Users\venor\.p2\pool\plugins\org.eclipse.justj.openjdk.hotspot.jre.full.win32.x86_64_19.0.2.v20230129-1123\jre\bin\server\jvm.dll
0x00007ffd7b740000 - 0x00007ffd7b7ee000 	C:\WINDOWS\System32\ADVAPI32.dll
0x00007ffd7d270000 - 0x00007ffd7d314000 	C:\WINDOWS\System32\sechost.dll
0x00007ffd7d150000 - 0x00007ffd7d267000 	C:\WINDOWS\System32\RPCRT4.dll
0x00007ffd39ba0000 - 0x00007ffd39ba9000 	C:\WINDOWS\SYSTEM32\WSOCK32.dll
0x00007ffd7d6e0000 - 0x00007ffd7d751000 	C:\WINDOWS\System32\WS2_32.dll
0x00007ffd79550000 - 0x00007ffd79584000 	C:\WINDOWS\SYSTEM32\WINMM.dll
0x00007ffd72f00000 - 0x00007ffd72f0a000 	C:\WINDOWS\SYSTEM32\VERSION.dll
0x00007ffd79d40000 - 0x00007ffd79d58000 	C:\WINDOWS\SYSTEM32\kernel.appcore.dll
0x00007ffd64e30000 - 0x00007ffd64e3a000 	C:\Users\venor\.p2\pool\plugins\org.eclipse.justj.openjdk.hotspot.jre.full.win32.x86_64_19.0.2.v20230129-1123\jre\bin\jimage.dll
0x00007ffd78430000 - 0x00007ffd7865e000 	C:\WINDOWS\SYSTEM32\DBGHELP.DLL
0x00007ffd7b970000 - 0x00007ffd7bcf9000 	C:\WINDOWS\System32\combase.dll
0x00007ffd7d340000 - 0x00007ffd7d417000 	C:\WINDOWS\System32\OLEAUT32.dll
0x00007ffd79510000 - 0x00007ffd79542000 	C:\WINDOWS\SYSTEM32\dbgcore.DLL
0x00007ffd7b690000 - 0x00007ffd7b70b000 	C:\WINDOWS\System32\bcryptPrimitives.dll
0x00007ffd5dae0000 - 0x00007ffd5db06000 	C:\Users\venor\.p2\pool\plugins\org.eclipse.justj.openjdk.hotspot.jre.full.win32.x86_64_19.0.2.v20230129-1123\jre\bin\java.dll

dbghelp: loaded successfully - version: 4.0.5 - missing functions: none
symbol engine: initialized successfully - sym options: 0x614 - pdb path: .;C:\Users\venor\.p2\pool\plugins\org.eclipse.justj.openjdk.hotspot.jre.full.win32.x86_64_19.0.2.v20230129-1123\jre\bin;C:\WINDOWS\SYSTEM32;C:\Program Files\Bitdefender\Bitdefender Security\bdhkm\dlls_266447479770971635;C:\Program Files\Bitdefender\Bitdefender Security\atcuf\dlls_266427990706449602;C:\WINDOWS\WinSxS\amd64_microsoft.windows.common-controls_6595b64144ccf1df_6.0.22621.608_none_a9444ca7c10bb01d;C:\Users\venor\.p2\pool\plugins\org.eclipse.justj.openjdk.hotspot.jre.full.win32.x86_64_19.0.2.v20230129-1123\jre\bin\server

VM Arguments:
jvm_args: -Dfile.encoding=UTF-8 -XX:+ShowCodeDetailsInExceptionMessages 
java_command: Conversor
java_class_path (initial): C:\Users\venor\eclipse-workspace\Spring 02 Conversor de Moneda\bin
Launcher Type: SUN_STANDARD

[Global flags]
     intx CICompilerCount                          = 2                                         {product} {ergonomic}
     uint ConcGCThreads                            = 1                                         {product} {ergonomic}
     uint G1ConcRefinementThreads                  = 2                                         {product} {ergonomic}
   size_t G1HeapRegionSize                         = 1048576                                   {product} {ergonomic}
    uintx GCDrainStackTargetSize                   = 64                                        {product} {ergonomic}
   size_t InitialHeapSize                          = 100663296                                 {product} {ergonomic}
   size_t MarkStackSize                            = 4194304                                   {product} {ergonomic}
   size_t MaxHeapSize                              = 1579155456                                {product} {ergonomic}
   size_t MinHeapDeltaBytes                        = 1048576                                   {product} {ergonomic}
   size_t MinHeapSize                              = 8388608                                   {product} {ergonomic}
    uintx NonNMethodCodeHeapSize                   = 5826188                                {pd product} {ergonomic}
    uintx NonProfiledCodeHeapSize                  = 122916026                              {pd product} {ergonomic}
    uintx ProfiledCodeHeapSize                     = 122916026                              {pd product} {ergonomic}
    uintx ReservedCodeCacheSize                    = 251658240                              {pd product} {ergonomic}
     bool SegmentedCodeCache                       = true                                      {product} {ergonomic}
     bool ShowCodeDetailsInExceptionMessages       = true                                   {manageable} {command line}
   size_t SoftMaxHeapSize                          = 1579155456                             {manageable} {ergonomic}
     bool UseCompressedClassPointers               = true                           {product lp64_product} {ergonomic}
     bool UseCompressedOops                        = true                           {product lp64_product} {ergonomic}
     bool UseG1GC                                  = true                                      {product} {ergonomic}
     bool UseLargePagesIndividualAllocation        = false                                  {pd product} {ergonomic}

Logging:
Log output configuration:
 #0: stdout all=warning uptime,level,tags foldmultilines=false
 #1: stderr all=off uptime,level,tags foldmultilines=false

Environment Variables:
JAVA_HOME=C:\Program Files\Java\jdk1.8.0_361\bin
PATH=C:/Users/venor/.p2/pool/plugins/org.eclipse.justj.openjdk.hotspot.jre.full.win32.x86_64_19.0.2.v20230129-1123/jre/bin/server;C:/Users/venor/.p2/pool/plugins/org.eclipse.justj.openjdk.hotspot.jre.full.win32.x86_64_19.0.2.v20230129-1123/jre/bin;C:\Program Files (x86)\Common Files\Oracle\Java\javapath;C:\WINDOWS\system32;C:\WINDOWS;C:\WINDOWS\System32\Wbem;C:\WINDOWS\System32\WindowsPowerShell\v1.0\;C:\WINDOWS\System32\OpenSSH\;C:\Program Files\MATLAB\R2022b\runtime\win64;C:\Program Files\MATLAB\R2022b\bin;C:\Program Files\Microchip\xc8\v2.36\bin;C:\Program Files (x86)\Microchip\MPLAB C32 Suite\bin;C:\ProgramCC\Files\;C:\Program Files\Git\cmd;C:\Program Files\Java\jdk1.8.0_361\bin;C:\Users\venor\AppData\Local\Microsoft\WindowsApps;;C:\Users\venor\AppData\Local\Programs\Microsoft VS Code\bin;C:\WINDOWS\system32;
USERNAME=venor
OS=Windows_NT
PROCESSOR_IDENTIFIER=AMD64 Family 23 Model 24 Stepping 1, AuthenticAMD
TMP=C:\Users\venor\AppData\Local\Temp
TEMP=C:\Users\venor\AppData\Local\Temp



---------------  S Y S T E M  ---------------

OS:
 Windows 11 , 64 bit Build 22621 (10.0.22621.1485)
OS uptime: 0 days 10:14 hours
Hyper-V role detected

CPU: total 2 (initial active 2) (2 cores per cpu, 1 threads per core) family 23 model 24 stepping 1 microcode 0x0, cx8, cmov, fxsr, mmx, 3dnowpref, sse, sse2, sse3, ssse3, sse4a, sse4.1, sse4.2, popcnt, lzcnt, tsc, tscinvbit, avx, avx2, aes, clmul, bmi1, bmi2, adx, sha, fma, vzeroupper, clflush, clflushopt, hv, rdtscp

Memory: 4k page, system-wide physical 6020M (529M free)
TotalPageFile size 24452M (AvailPageFile size 63M)
current process WorkingSet (physical memory assigned to process): 13M, peak: 13M
current process commit charge ("private bytes"): 50M, peak: 146M

vm_info: OpenJDK 64-Bit Server VM (19.0.2+7) for windows-amd64 JRE (19.0.2+7), built on 2023-01-17T00:00:00Z by "temurin" with MS VC++ 16.7 (VS2019)

END.
